::1 - - [19/May/2023:13:35:04 -0300] "GET / HTTP/1.1" 200 205
::1 - - [19/May/2023:13:35:04 -0300] "GET /favicon.ico HTTP/1.1" 404 209
::1 - - [19/May/2023:14:04:34 -0300] "GET /phpmyadmin/ HTTP/1.1" 200 8194
::1 - - [19/May/2023:14:04:36 -0300] "GET /phpmyadmin/js/get_scripts.js.php?scripts[]=jquery/jquery-1.8.3.js&scripts[]=ajax.js&scripts[]=keyhandler.js&scripts[]=jquery/jquery-ui-1.9.2.custom.js&scripts[]=jquery/jquery.sprintf.js&scripts[]=jquery/jquery.cookie.js&scripts[]=jquery/jquery.mousewheel.js&scripts[]=jquery/jquery.event.drag-2.2.js&scripts[]=jquery/jquery-ui-timepicker-addon.js&scripts[]=jquery/jquery.ba-hashchange-1.3.js&scripts[]=jquery/jquery.debounce-1.0.5.js&scripts[]=jquery/jquery.menuResizer-1.0.js&scripts[]=rte.js&scripts[]=functions.js&scripts[]=navigation.js&scripts[]=indexes.js&scripts[]=common.js&scripts[]=codemirror/lib/codemirror.js&scripts[]=codemirror/mode/mysql/mysql.js HTTP/1.1" 200 578562
::1 - - [19/May/2023:14:04:36 -0300] "GET /phpmyadmin/phpmyadmin.css.php?server=1&token=5b1f6924a4d0ca4f24459922dc8c86f5&nocache=4125195912ltr HTTP/1.1" 200 88608
::1 - - [19/May/2023:14:04:36 -0300] "GET /phpmyadmin/js/get_image.js.php?theme=pmahomme HTTP/1.1" 200 6263
::1 - - [19/May/2023:14:04:36 -0300] "GET /phpmyadmin/themes/pmahomme/img/logo_right.png HTTP/1.1" 200 4548
::1 - - [19/May/2023:14:04:36 -0300] "GET /phpmyadmin/js/messages.php?lang=pt&db=&server=0&token=5b1f6924a4d0ca4f24459922dc8c86f5 HTTP/1.1" 200 18103
::1 - - [19/May/2023:14:04:39 -0300] "POST /phpmyadmin/index.php HTTP/1.1" 302 -
::1 - - [19/May/2023:14:04:39 -0300] "GET /phpmyadmin/index.php?token=5b1f6924a4d0ca4f24459922dc8c86f5 HTTP/1.1" 200 49217
::1 - - [19/May/2023:14:04:39 -0300] "GET /phpmyadmin/phpmyadmin.css.php?server=1&token=5b1f6924a4d0ca4f24459922dc8c86f5&nocache=5809630398ltr HTTP/1.1" 200 88608
::1 - - [19/May/2023:14:04:39 -0300] "GET /phpmyadmin/version_check.php?&_nocache=168451587989162322 HTTP/1.1" 200 39
::1 - - [19/May/2023:14:05:01 -0300] "GET /phpmyadmin/server_databases.php?db=&token=5b1f6924a4d0ca4f24459922dc8c86f5&ajax_request=true&ajax_page_request=true&menuHashes=b831a1d9&_nocache=1684515901852596494 HTTP/1.1" 200 41861
::1 - - [19/May/2023:14:05:02 -0300] "GET /phpmyadmin/themes/pmahomme/img/arrow_ltr.png HTTP/1.1" 200 139
::1 - - [19/May/2023:14:05:02 -0300] "GET /phpmyadmin/js/get_scripts.js.php?scripts[]=server_databases.js HTTP/1.1" 200 1818
::1 - - [19/May/2023:14:05:17 -0300] "POST /phpmyadmin/db_create.php HTTP/1.1" 200 2400
::1 - - [19/May/2023:14:05:17 -0300] "POST /phpmyadmin/navigation.php?ajax_request=1&token=5b1f6924a4d0ca4f24459922dc8c86f5 HTTP/1.1" 200 3736
::1 - - [19/May/2023:14:05:19 -0300] "GET /phpmyadmin/db_structure.php?server=1&db=carrinho&token=5b1f6924a4d0ca4f24459922dc8c86f5&ajax_request=true&ajax_page_request=true&menuHashes=b831a1d9-2436b83e&_nocache=1684515919164699395 HTTP/1.1" 200 5718
::1 - - [19/May/2023:14:05:19 -0300] "GET /phpmyadmin/js/get_scripts.js.php?scripts[]=db_structure.js&scripts[]=tbl_change.js HTTP/1.1" 200 12382
::1 - - [19/May/2023:14:05:20 -0300] "GET /phpmyadmin/db_structure.php?server=1&db=folha_pagto&token=5b1f6924a4d0ca4f24459922dc8c86f5&ajax_request=true&ajax_page_request=true&menuHashes=b831a1d9-2436b83e-a48d6146&_nocache=168451592058771519 HTTP/1.1" 200 13132
::1 - - [19/May/2023:14:05:21 -0300] "GET /phpmyadmin/navigation.php?ajax_request=1&token=5b1f6924a4d0ca4f24459922dc8c86f5&aPath=cm9vdA%3D%3D.Zm9saGFfcGFndG8%3D&vPath=cm9vdA%3D%3D.Zm9saGFfcGFndG8%3D&pos=0&pos2_name=&pos2_value=&searchClause=&searchClause2=&_nocache=1684515921289534762 HTTP/1.1" 200 1404
::1 - - [19/May/2023:14:05:24 -0300] "GET /phpmyadmin/db_structure.php?server=1&db=folha_pagto&token=5b1f6924a4d0ca4f24459922dc8c86f5&ajax_request=true&ajax_page_request=true&menuHashes=b831a1d9-2436b83e-a48d6146-bf6298ca&_nocache=1684515924164113835 HTTP/1.1" 200 9850
::1 - - [19/May/2023:14:05:26 -0300] "GET /phpmyadmin/db_structure.php?server=1&db=folha_pagto&token=5b1f6924a4d0ca4f24459922dc8c86f5&ajax_request=true&ajax_page_request=true&menuHashes=b831a1d9-2436b83e-a48d6146-bf6298ca&_nocache=1684515926560665312 HTTP/1.1" 200 9850
::1 - - [19/May/2023:14:05:36 -0300] "GET /phpmyadmin/db_structure.php?server=1&db=folha_pagto&token=5b1f6924a4d0ca4f24459922dc8c86f5&ajax_request=true&ajax_page_request=true&menuHashes=b831a1d9-2436b83e-a48d6146-bf6298ca&_nocache=168451593618324282 HTTP/1.1" 200 9850
::1 - - [19/May/2023:14:05:39 -0300] "GET /phpmyadmin/db_structure.php?db=folha_pagto&token=5b1f6924a4d0ca4f24459922dc8c86f5&ajax_request=true&ajax_page_request=true&menuHashes=b831a1d9-2436b83e-a48d6146-bf6298ca&_nocache=1684515939489803184 HTTP/1.1" 200 9848
::1 - - [19/May/2023:14:05:40 -0300] "GET /phpmyadmin/db_structure.php?db=folha_pagto&token=5b1f6924a4d0ca4f24459922dc8c86f5&ajax_request=true&ajax_page_request=true&menuHashes=b831a1d9-2436b83e-a48d6146-bf6298ca&_nocache=1684515940232584276 HTTP/1.1" 200 9848
::1 - - [19/May/2023:14:05:40 -0300] "GET /phpmyadmin/db_sql.php?db=folha_pagto&token=5b1f6924a4d0ca4f24459922dc8c86f5&db_query_force=1&ajax_request=true&ajax_page_request=true&menuHashes=b831a1d9-2436b83e-a48d6146-bf6298ca&_nocache=1684515940650555911 HTTP/1.1" 200 7300
::1 - - [19/May/2023:14:05:40 -0300] "GET /phpmyadmin/js/get_scripts.js.php?scripts[]=makegrid.js&scripts[]=sql.js HTTP/1.1" 200 35099
::1 - - [19/May/2023:14:06:48 -0300] "GET /phpmyadmin/db_structure.php?server=1&db=carrinho&token=5b1f6924a4d0ca4f24459922dc8c86f5&ajax_request=true&ajax_page_request=true&menuHashes=b831a1d9-2436b83e-a48d6146-bf6298ca-f2870951&_nocache=1684516008101976142 HTTP/1.1" 200 2478
::1 - - [19/May/2023:14:11:26 -0300] "POST /phpmyadmin/tbl_create.php HTTP/1.1" 200 158904
::1 - - [19/May/2023:14:11:26 -0300] "GET /phpmyadmin/index.php?ajax_request=1&recent_table=1&token=5b1f6924a4d0ca4f24459922dc8c86f5 HTTP/1.1" 200 505
::1 - - [19/May/2023:14:11:37 -0300] "POST /phpmyadmin/tbl_create.php HTTP/1.1" 200 193969
::1 - - [19/May/2023:14:13:28 -0300] "POST /phpmyadmin/tbl_create.php HTTP/1.1" 200 98
::1 - - [19/May/2023:14:13:34 -0300] "POST /phpmyadmin/tbl_create.php HTTP/1.1" 200 8435
::1 - - [19/May/2023:14:13:34 -0300] "GET /phpmyadmin/db_structure.php?token=5b1f6924a4d0ca4f24459922dc8c86f5&server=1&db=carrinho&table=usuario&ajax_request=true&ajax_page_request=true&menuHashes=b831a1d9-2436b83e-a48d6146-bf6298ca-f2870951-2084bd5b&_nocache=1684516414687927079 HTTP/1.1" 200 13022
::1 - - [19/May/2023:14:13:34 -0300] "POST /phpmyadmin/navigation.php?ajax_request=1&token=5b1f6924a4d0ca4f24459922dc8c86f5 HTTP/1.1" 200 3736
::1 - - [19/May/2023:14:13:34 -0300] "GET /phpmyadmin/index.php?ajax_request=1&recent_table=1&token=5b1f6924a4d0ca4f24459922dc8c86f5 HTTP/1.1" 200 505
::1 - - [19/May/2023:14:22:24 -0300] "POST /phpmyadmin/tbl_create.php HTTP/1.1" 200 237907
::1 - - [19/May/2023:14:22:24 -0300] "GET /phpmyadmin/index.php?ajax_request=1&recent_table=1&token=5b1f6924a4d0ca4f24459922dc8c86f5 HTTP/1.1" 200 631
::1 - - [19/May/2023:14:23:17 -0300] "POST /phpmyadmin/tbl_create.php HTTP/1.1" 200 352170
::1 - - [19/May/2023:14:39:41 -0300] "POST /phpmyadmin/tbl_create.php HTTP/1.1" 200 211
::1 - - [19/May/2023:14:40:16 -0300] "POST /phpmyadmin/tbl_create.php HTTP/1.1" 200 253
::1 - - [19/May/2023:14:40:32 -0300] "POST /phpmyadmin/tbl_create.php HTTP/1.1" 200 211
::1 - - [19/May/2023:14:40:47 -0300] "POST /phpmyadmin/tbl_create.php HTTP/1.1" 200 254
::1 - - [19/May/2023:14:41:19 -0300] "POST /phpmyadmin/tbl_create.php HTTP/1.1" 200 253
::1 - - [19/May/2023:14:41:24 -0300] "POST /phpmyadmin/tbl_create.php HTTP/1.1" 200 253
::1 - - [19/May/2023:14:41:35 -0300] "POST /phpmyadmin/tbl_create.php HTTP/1.1" 200 11636
::1 - - [19/May/2023:14:41:35 -0300] "GET /phpmyadmin/db_structure.php?token=5b1f6924a4d0ca4f24459922dc8c86f5&server=1&db=carrinho&table=produtos&ajax_request=true&ajax_page_request=true&menuHashes=2436b83e-a48d6146-bf6298ca-f2870951-2084bd5b-6cb4725b-666ba964&_nocache=1684518095789566575 HTTP/1.1" 200 15861
::1 - - [19/May/2023:14:41:35 -0300] "POST /phpmyadmin/navigation.php?ajax_request=1&token=5b1f6924a4d0ca4f24459922dc8c86f5 HTTP/1.1" 200 3736
::1 - - [19/May/2023:14:41:36 -0300] "GET /phpmyadmin/index.php?ajax_request=1&recent_table=1&token=5b1f6924a4d0ca4f24459922dc8c86f5 HTTP/1.1" 200 631
::1 - - [19/May/2023:14:42:06 -0300] "GET /phpmyadmin/navigation.php?ajax_request=1&token=5b1f6924a4d0ca4f24459922dc8c86f5&aPath=cm9vdA%3D%3D.Zm9saGFfcGFndG8%3D&vPath=cm9vdA%3D%3D.Zm9saGFfcGFndG8%3D&pos=0&pos2_name=&pos2_value=&searchClause=&searchClause2=&_nocache=1684518126724884581 HTTP/1.1" 200 1404
::1 - - [19/May/2023:14:42:09 -0300] "GET /phpmyadmin/navigation.php?ajax_request=1&token=5b1f6924a4d0ca4f24459922dc8c86f5&aPath=cm9vdA%3D%3D.Y2FycmluaG8%3D&vPath=cm9vdA%3D%3D.Y2FycmluaG8%3D&pos=0&pos2_name=&pos2_value=&searchClause=&searchClause2=&_nocache=1684518129749105771 HTTP/1.1" 200 2130
::1 - - [19/May/2023:14:42:31 -0300] "GET /phpmyadmin/navigation.php?ajax_request=1&token=5b1f6924a4d0ca4f24459922dc8c86f5&aPath=cm9vdA%3D%3D.dXN1YXJpb3M%3D&vPath=cm9vdA%3D%3D.dXN1YXJpb3M%3D&pos=0&pos2_name=&pos2_value=&searchClause=&searchClause2=&_nocache=1684518151491338383 HTTP/1.1" 200 1395
::1 - - [19/May/2023:14:42:34 -0300] "GET /phpmyadmin/sql.php?server=1&db=usuarios&table=cadastro_usuario&pos=0&token=5b1f6924a4d0ca4f24459922dc8c86f5&ajax_request=true&ajax_page_request=true&menuHashes=a48d6146-bf6298ca-f2870951-2084bd5b-6cb4725b-666ba964-1308086d&_nocache=1684518154497998353 HTTP/1.1" 200 30375
::1 - - [19/May/2023:14:42:35 -0300] "GET /phpmyadmin/themes/pmahomme/img/s_fulltext.png HTTP/1.1" 200 193
::1 - - [19/May/2023:14:42:35 -0300] "GET /phpmyadmin/js/get_scripts.js.php?scripts[]=tbl_structure.js&scripts[]=gis_data_editor.js HTTP/1.1" 200 15188
::1 - - [19/May/2023:14:42:35 -0300] "GET /phpmyadmin/index.php?ajax_request=1&recent_table=1&token=5b1f6924a4d0ca4f24459922dc8c86f5 HTTP/1.1" 200 631
::1 - - [19/May/2023:14:45:41 -0300] "GET /phpmyadmin/sql.php?server=1&db=carrinho&table=produtos&pos=0&token=5b1f6924a4d0ca4f24459922dc8c86f5&ajax_request=true&ajax_page_request=true&menuHashes=bf6298ca-f2870951-2084bd5b-6cb4725b-666ba964-1308086d-fce5f2a6&_nocache=1684518341869171351 HTTP/1.1" 200 10366
::1 - - [19/May/2023:14:45:42 -0300] "GET /phpmyadmin/index.php?ajax_request=1&recent_table=1&token=5b1f6924a4d0ca4f24459922dc8c86f5 HTTP/1.1" 200 631
::1 - - [19/May/2023:14:45:47 -0300] "GET /phpmyadmin/tbl_import.php?db=carrinho&table=produtos&token=5b1f6924a4d0ca4f24459922dc8c86f5&ajax_request=true&ajax_page_request=true&menuHashes=f2870951-2084bd5b-6cb4725b-666ba964-1308086d-fce5f2a6-9509f64c&_nocache=1684518347579968635 HTTP/1.1" 200 18114
::1 - - [19/May/2023:14:45:48 -0300] "GET /phpmyadmin/js/get_scripts.js.php?scripts[]=import.js HTTP/1.1" 200 1584
::1 - - [19/May/2023:14:45:48 -0300] "GET /phpmyadmin/index.php?ajax_request=1&recent_table=1&token=5b1f6924a4d0ca4f24459922dc8c86f5 HTTP/1.1" 200 631
::1 - - [19/May/2023:14:45:56 -0300] "GET /phpmyadmin/tbl_export.php?db=carrinho&table=produtos&token=5b1f6924a4d0ca4f24459922dc8c86f5&single_table=true&ajax_request=true&ajax_page_request=true&menuHashes=2084bd5b-6cb4725b-666ba964-1308086d-fce5f2a6-9509f64c-e9e98dcf&_nocache=1684518356251340782 HTTP/1.1" 200 36389
::1 - - [19/May/2023:14:45:58 -0300] "GET /phpmyadmin/js/get_scripts.js.php?scripts[]=export.js HTTP/1.1" 200 5954
::1 - - [19/May/2023:14:45:58 -0300] "GET /phpmyadmin/index.php?ajax_request=1&recent_table=1&token=5b1f6924a4d0ca4f24459922dc8c86f5 HTTP/1.1" 200 631
::1 - - [19/May/2023:14:46:07 -0300] "GET /phpmyadmin/tbl_operations.php?db=carrinho&table=produtos&token=5b1f6924a4d0ca4f24459922dc8c86f5&ajax_request=true&ajax_page_request=true&menuHashes=6cb4725b-666ba964-1308086d-fce5f2a6-9509f64c-e9e98dcf-827f8efc&_nocache=1684518367441301093 HTTP/1.1" 200 47016
::1 - - [19/May/2023:14:46:07 -0300] "GET /phpmyadmin/index.php?ajax_request=1&recent_table=1&token=5b1f6924a4d0ca4f24459922dc8c86f5 HTTP/1.1" 200 631
::1 - - [19/May/2023:14:47:32 -0300] "GET /phpmyadmin/db_structure.php?server=1&db=carrinho&token=5b1f6924a4d0ca4f24459922dc8c86f5&ajax_request=true&ajax_page_request=true&menuHashes=666ba964-1308086d-fce5f2a6-9509f64c-e9e98dcf-827f8efc-dab3f03d&_nocache=16845184521167374 HTTP/1.1" 200 15738
::1 - - [19/May/2023:14:47:41 -0300] "GET /phpmyadmin/sql.php?server=1&db=usuarios&table=cadastro_usuario&pos=0&token=5b1f6924a4d0ca4f24459922dc8c86f5&ajax_request=true&ajax_page_request=true&menuHashes=1308086d-fce5f2a6-9509f64c-e9e98dcf-827f8efc-dab3f03d-a48d6146&_nocache=1684518461469545375 HTTP/1.1" 200 27168
::1 - - [19/May/2023:14:47:41 -0300] "GET /phpmyadmin/index.php?ajax_request=1&recent_table=1&token=5b1f6924a4d0ca4f24459922dc8c86f5 HTTP/1.1" 200 631
