[Mon May 22 16:41:18.514084 2023] [mpm_winnt:notice] [pid 15380:tid 800] AH00455: Apache/2.4.6 (Win32) PHP/5.4.17 configured -- resuming normal operations
[Mon May 22 16:41:18.514084 2023] [mpm_winnt:notice] [pid 15380:tid 800] AH00456: Apache Lounge VC10 Server built: Jul 16 2013 11:15:41
[Mon May 22 16:41:18.514084 2023] [core:notice] [pid 15380:tid 800] AH00094: Command line: 'C:\\Users\\evand\\Downloads\\usbwebserver-legalite completo login/apache2/bin/httpd_usbwv8.exe -d C:/Users/evand/Downloads/usbwebserver-legalite completo login/apache2'
[Mon May 22 16:41:18.519079 2023] [mpm_winnt:notice] [pid 15380:tid 800] AH00418: Parent: Created child process 20156
[Mon May 22 16:41:18.884159 2023] [mpm_winnt:notice] [pid 20156:tid 764] AH00354: Child: Starting 64 worker threads.
[Mon May 22 16:41:32.436786 2023] [:error] [pid 20156:tid 1312] [client ::1:55774] PHP Notice:  Undefined index: id in C:\\Users\\evand\\Downloads\\usbwebserver-legalite completo login\\root\\cadastro\\listagem_carrinho.php on line 44, referer: http://localhost:8080/cadastro/sistema.php
[Mon May 22 16:41:32.436786 2023] [:error] [pid 20156:tid 1312] [client ::1:55774] PHP Notice:  Undefined index: id in C:\\Users\\evand\\Downloads\\usbwebserver-legalite completo login\\root\\cadastro\\listagem_carrinho.php on line 44, referer: http://localhost:8080/cadastro/sistema.php
[Mon May 22 16:41:35.219637 2023] [:error] [pid 20156:tid 1312] [client ::1:55774] PHP Notice:  Undefined index: id in C:\\Users\\evand\\Downloads\\usbwebserver-legalite completo login\\root\\cadastro\\listagem_carrinho.php on line 44, referer: http://localhost:8080/cadastro/listagem_carrinho.php
[Mon May 22 16:41:35.219637 2023] [:error] [pid 20156:tid 1312] [client ::1:55774] PHP Notice:  Undefined index: id in C:\\Users\\evand\\Downloads\\usbwebserver-legalite completo login\\root\\cadastro\\listagem_carrinho.php on line 44, referer: http://localhost:8080/cadastro/listagem_carrinho.php
[Mon May 22 16:41:35.219637 2023] [:error] [pid 20156:tid 1312] [client ::1:55774] PHP Warning:  mysqli::close(): Couldn't fetch mysqli in C:\\Users\\evand\\Downloads\\usbwebserver-legalite completo login\\root\\cadastro\\atualizar_qtd.php on line 39, referer: http://localhost:8080/cadastro/listagem_carrinho.php
[Mon May 22 16:42:13.181631 2023] [:error] [pid 20156:tid 1312] [client ::1:55801] PHP Notice:  Undefined index: id in C:\\Users\\evand\\Downloads\\usbwebserver-legalite completo login\\root\\cadastro\\listagem_carrinho.php on line 44, referer: http://localhost:8080/cadastro/sistema.php
[Mon May 22 16:42:13.181631 2023] [:error] [pid 20156:tid 1312] [client ::1:55801] PHP Notice:  Undefined index: id in C:\\Users\\evand\\Downloads\\usbwebserver-legalite completo login\\root\\cadastro\\listagem_carrinho.php on line 44, referer: http://localhost:8080/cadastro/sistema.php
[Mon May 22 16:42:21.654911 2023] [:error] [pid 20156:tid 1312] [client ::1:55808] PHP Notice:  Undefined index: id in C:\\Users\\evand\\Downloads\\usbwebserver-legalite completo login\\root\\cadastro\\listagem_carrinho.php on line 44, referer: http://localhost:8080/cadastro/listagem_carrinho.php
[Mon May 22 16:42:21.654911 2023] [:error] [pid 20156:tid 1312] [client ::1:55808] PHP Notice:  Undefined index: id in C:\\Users\\evand\\Downloads\\usbwebserver-legalite completo login\\root\\cadastro\\listagem_carrinho.php on line 44, referer: http://localhost:8080/cadastro/listagem_carrinho.php
[Mon May 22 16:42:21.654911 2023] [:error] [pid 20156:tid 1312] [client ::1:55808] PHP Warning:  mysqli::close(): Couldn't fetch mysqli in C:\\Users\\evand\\Downloads\\usbwebserver-legalite completo login\\root\\cadastro\\atualizar_qtd.php on line 39, referer: http://localhost:8080/cadastro/listagem_carrinho.php
[Mon May 22 16:44:39.672139 2023] [:error] [pid 20156:tid 1232] [client ::1:55885] PHP Notice:  Undefined index: id in C:\\Users\\evand\\Downloads\\usbwebserver-legalite completo login\\root\\cadastro\\listagem_carrinho.php on line 44, referer: http://localhost:8080/cadastro/listagem_carrinho.php
[Mon May 22 16:44:39.672139 2023] [:error] [pid 20156:tid 1232] [client ::1:55885] PHP Notice:  Undefined index: id in C:\\Users\\evand\\Downloads\\usbwebserver-legalite completo login\\root\\cadastro\\listagem_carrinho.php on line 44, referer: http://localhost:8080/cadastro/listagem_carrinho.php
[Mon May 22 16:44:39.673139 2023] [:error] [pid 20156:tid 1232] [client ::1:55885] PHP Warning:  mysqli::close(): Couldn't fetch mysqli in C:\\Users\\evand\\Downloads\\usbwebserver-legalite completo login\\root\\cadastro\\atualizar_qtd.php on line 39, referer: http://localhost:8080/cadastro/listagem_carrinho.php
[Mon May 22 16:44:41.388020 2023] [:error] [pid 20156:tid 1232] [client ::1:55885] PHP Notice:  Undefined index: id in C:\\Users\\evand\\Downloads\\usbwebserver-legalite completo login\\root\\cadastro\\listagem_carrinho.php on line 44, referer: http://localhost:8080/cadastro/atualizar_qtd.php
[Mon May 22 16:44:41.388020 2023] [:error] [pid 20156:tid 1232] [client ::1:55885] PHP Notice:  Undefined index: id in C:\\Users\\evand\\Downloads\\usbwebserver-legalite completo login\\root\\cadastro\\listagem_carrinho.php on line 44, referer: http://localhost:8080/cadastro/atualizar_qtd.php
[Mon May 22 16:44:42.954239 2023] [:error] [pid 20156:tid 1232] [client ::1:55885] PHP Notice:  Undefined index: id in C:\\Users\\evand\\Downloads\\usbwebserver-legalite completo login\\root\\cadastro\\listagem_carrinho.php on line 44, referer: http://localhost:8080/cadastro/listagem_carrinho.php
[Mon May 22 16:44:42.954239 2023] [:error] [pid 20156:tid 1232] [client ::1:55885] PHP Notice:  Undefined index: id in C:\\Users\\evand\\Downloads\\usbwebserver-legalite completo login\\root\\cadastro\\listagem_carrinho.php on line 44, referer: http://localhost:8080/cadastro/listagem_carrinho.php
[Mon May 22 16:44:42.954239 2023] [:error] [pid 20156:tid 1232] [client ::1:55885] PHP Warning:  mysqli::close(): Couldn't fetch mysqli in C:\\Users\\evand\\Downloads\\usbwebserver-legalite completo login\\root\\cadastro\\atualizar_qtd.php on line 39, referer: http://localhost:8080/cadastro/listagem_carrinho.php
