2023-02-27 19:15:26 8188 [Note] Plugin 'FEDERATED' is disabled.
2023-02-27 19:15:26 8188 [Note] InnoDB: The InnoDB memory heap is disabled
2023-02-27 19:15:26 8188 [Note] InnoDB: Mutexes and rw_locks use Windows interlocked functions
2023-02-27 19:15:26 8188 [Note] InnoDB: Compressed tables use zlib 1.2.3
2023-02-27 19:15:26 8188 [Note] InnoDB: Not using CPU crc32 instructions
2023-02-27 19:15:26 8188 [Note] InnoDB: Initializing buffer pool, size = 128.0M
2023-02-27 19:15:26 8188 [Note] InnoDB: Completed initialization of buffer pool
2023-02-27 19:15:26 8188 [Note] InnoDB: Highest supported file format is Barracuda.
2023-02-27 19:15:26 8188 [Note] InnoDB: The log sequence numbers 1626134 and 1626134 in ibdata files do not match the log sequence number 1813421 in the ib_logfiles!
2023-02-27 19:15:26 8188 [Note] InnoDB: Database was not shutdown normally!
2023-02-27 19:15:26 8188 [Note] InnoDB: Starting crash recovery.
2023-02-27 19:15:26 8188 [Note] InnoDB: Reading tablespace information from the .ibd files...
2023-02-27 19:15:26 8188 [Note] InnoDB: Restoring possible half-written data pages 
2023-02-27 19:15:26 8188 [Note] InnoDB: from the doublewrite buffer...
2023-02-27 19:15:27 8188 [ERROR] InnoDB: Table aula1/alunos in the InnoDB data dictionary has tablespace id 10, but tablespace with that id or name does not exist. Have you deleted or moved .ibd files? This may also be a table created with CREATE TEMPORARY TABLE whose .ibd and .frm files MySQL automatically removed, but the table still exists in the InnoDB internal data dictionary.
InnoDB: Please refer to
InnoDB: http://dev.mysql.com/doc/refman/5.6/en/innodb-troubleshooting-datadict.html
InnoDB: for how to resolve the issue.
2023-02-27 19:15:27 8188 [ERROR] InnoDB: Table cliente/fornecedor in the InnoDB data dictionary has tablespace id 8, but tablespace with that id or name does not exist. Have you deleted or moved .ibd files? This may also be a table created with CREATE TEMPORARY TABLE whose .ibd and .frm files MySQL automatically removed, but the table still exists in the InnoDB internal data dictionary.
InnoDB: Please refer to
InnoDB: http://dev.mysql.com/doc/refman/5.6/en/innodb-troubleshooting-datadict.html
InnoDB: for how to resolve the issue.
2023-02-27 19:15:27 8188 [ERROR] InnoDB: Table cliente/funcionario in the InnoDB data dictionary has tablespace id 13, but tablespace with that id or name does not exist. Have you deleted or moved .ibd files? This may also be a table created with CREATE TEMPORARY TABLE whose .ibd and .frm files MySQL automatically removed, but the table still exists in the InnoDB internal data dictionary.
InnoDB: Please refer to
InnoDB: http://dev.mysql.com/doc/refman/5.6/en/innodb-troubleshooting-datadict.html
InnoDB: for how to resolve the issue.
2023-02-27 19:15:27 8188 [ERROR] InnoDB: Table cliente/produto in the InnoDB data dictionary has tablespace id 12, but tablespace with that id or name does not exist. Have you deleted or moved .ibd files? This may also be a table created with CREATE TEMPORARY TABLE whose .ibd and .frm files MySQL automatically removed, but the table still exists in the InnoDB internal data dictionary.
InnoDB: Please refer to
InnoDB: http://dev.mysql.com/doc/refman/5.6/en/innodb-troubleshooting-datadict.html
InnoDB: for how to resolve the issue.
2023-02-27 19:15:27 8188 [ERROR] InnoDB: Table cliente/vendas in the InnoDB data dictionary has tablespace id 11, but tablespace with that id or name does not exist. Have you deleted or moved .ibd files? This may also be a table created with CREATE TEMPORARY TABLE whose .ibd and .frm files MySQL automatically removed, but the table still exists in the InnoDB internal data dictionary.
InnoDB: Please refer to
InnoDB: http://dev.mysql.com/doc/refman/5.6/en/innodb-troubleshooting-datadict.html
InnoDB: for how to resolve the issue.
2023-02-27 19:15:27 8188 [ERROR] InnoDB: Table cliente1/alunos in the InnoDB data dictionary has tablespace id 14, but tablespace with that id or name does not exist. Have you deleted or moved .ibd files? This may also be a table created with CREATE TEMPORARY TABLE whose .ibd and .frm files MySQL automatically removed, but the table still exists in the InnoDB internal data dictionary.
InnoDB: Please refer to
InnoDB: http://dev.mysql.com/doc/refman/5.6/en/innodb-troubleshooting-datadict.html
InnoDB: for how to resolve the issue.
2023-02-27 19:15:27 8188 [ERROR] InnoDB: Table escola/alunos in the InnoDB data dictionary has tablespace id 15, but tablespace with that id or name does not exist. Have you deleted or moved .ibd files? This may also be a table created with CREATE TEMPORARY TABLE whose .ibd and .frm files MySQL automatically removed, but the table still exists in the InnoDB internal data dictionary.
InnoDB: Please refer to
InnoDB: http://dev.mysql.com/doc/refman/5.6/en/innodb-troubleshooting-datadict.html
InnoDB: for how to resolve the issue.
2023-02-27 19:15:27 8188 [ERROR] InnoDB: Table escola/funcionarios in the InnoDB data dictionary has tablespace id 16, but tablespace with that id or name does not exist. Have you deleted or moved .ibd files? This may also be a table created with CREATE TEMPORARY TABLE whose .ibd and .frm files MySQL automatically removed, but the table still exists in the InnoDB internal data dictionary.
InnoDB: Please refer to
InnoDB: http://dev.mysql.com/doc/refman/5.6/en/innodb-troubleshooting-datadict.html
InnoDB: for how to resolve the issue.
2023-02-27 19:15:27 8188 [Note] InnoDB: 128 rollback segment(s) are active.
2023-02-27 19:15:27 8188 [Note] InnoDB: Waiting for purge to start
2023-02-27 19:15:27 8188 [Note] InnoDB: 5.6.13 started; log sequence number 1813421
2023-02-27 19:15:27 8188 [Note] Server hostname (bind-address): '*'; port: 3307
2023-02-27 19:15:27 8188 [Note] IPv6 is available.
2023-02-27 19:15:27 8188 [Note]   - '::' resolves to '::';
2023-02-27 19:15:27 8188 [Note] Server socket created on IP: '::'.
2023-02-27 19:20:04 4068 [Note] Plugin 'FEDERATED' is disabled.
2023-02-27 19:20:04 4068 [Note] InnoDB: The InnoDB memory heap is disabled
2023-02-27 19:20:04 4068 [Note] InnoDB: Mutexes and rw_locks use Windows interlocked functions
2023-02-27 19:20:04 4068 [Note] InnoDB: Compressed tables use zlib 1.2.3
2023-02-27 19:20:04 4068 [Note] InnoDB: Not using CPU crc32 instructions
2023-02-27 19:20:04 4068 [Note] InnoDB: Initializing buffer pool, size = 128.0M
2023-02-27 19:20:04 4068 [Note] InnoDB: Completed initialization of buffer pool
2023-02-27 19:20:04 4068 [Note] InnoDB: Highest supported file format is Barracuda.
2023-02-27 19:20:04 4068 [Note] InnoDB: Log scan progressed past the checkpoint lsn 1819305
2023-02-27 19:20:04 4068 [Note] InnoDB: Database was not shutdown normally!
2023-02-27 19:20:04 4068 [Note] InnoDB: Starting crash recovery.
2023-02-27 19:20:04 4068 [Note] InnoDB: Reading tablespace information from the .ibd files...
2023-02-27 19:20:04 4068 [Note] InnoDB: Restoring possible half-written data pages 
2023-02-27 19:20:04 4068 [Note] InnoDB: from the doublewrite buffer...
InnoDB: Doing recovery: scanned up to log sequence number 1819315
2023-02-27 19:20:04 4068 [ERROR] InnoDB: Table aula1/alunos in the InnoDB data dictionary has tablespace id 10, but tablespace with that id or name does not exist. Have you deleted or moved .ibd files? This may also be a table created with CREATE TEMPORARY TABLE whose .ibd and .frm files MySQL automatically removed, but the table still exists in the InnoDB internal data dictionary.
InnoDB: Please refer to
InnoDB: http://dev.mysql.com/doc/refman/5.6/en/innodb-troubleshooting-datadict.html
InnoDB: for how to resolve the issue.
2023-02-27 19:20:04 4068 [ERROR] InnoDB: Table cliente/fornecedor in the InnoDB data dictionary has tablespace id 8, but tablespace with that id or name does not exist. Have you deleted or moved .ibd files? This may also be a table created with CREATE TEMPORARY TABLE whose .ibd and .frm files MySQL automatically removed, but the table still exists in the InnoDB internal data dictionary.
InnoDB: Please refer to
InnoDB: http://dev.mysql.com/doc/refman/5.6/en/innodb-troubleshooting-datadict.html
InnoDB: for how to resolve the issue.
2023-02-27 19:20:04 4068 [ERROR] InnoDB: Table cliente/funcionario in the InnoDB data dictionary has tablespace id 13, but tablespace with that id or name does not exist. Have you deleted or moved .ibd files? This may also be a table created with CREATE TEMPORARY TABLE whose .ibd and .frm files MySQL automatically removed, but the table still exists in the InnoDB internal data dictionary.
InnoDB: Please refer to
InnoDB: http://dev.mysql.com/doc/refman/5.6/en/innodb-troubleshooting-datadict.html
InnoDB: for how to resolve the issue.
2023-02-27 19:20:04 4068 [ERROR] InnoDB: Table cliente/produto in the InnoDB data dictionary has tablespace id 12, but tablespace with that id or name does not exist. Have you deleted or moved .ibd files? This may also be a table created with CREATE TEMPORARY TABLE whose .ibd and .frm files MySQL automatically removed, but the table still exists in the InnoDB internal data dictionary.
InnoDB: Please refer to
InnoDB: http://dev.mysql.com/doc/refman/5.6/en/innodb-troubleshooting-datadict.html
InnoDB: for how to resolve the issue.
2023-02-27 19:20:04 4068 [ERROR] InnoDB: Table cliente/vendas in the InnoDB data dictionary has tablespace id 11, but tablespace with that id or name does not exist. Have you deleted or moved .ibd files? This may also be a table created with CREATE TEMPORARY TABLE whose .ibd and .frm files MySQL automatically removed, but the table still exists in the InnoDB internal data dictionary.
InnoDB: Please refer to
InnoDB: http://dev.mysql.com/doc/refman/5.6/en/innodb-troubleshooting-datadict.html
InnoDB: for how to resolve the issue.
2023-02-27 19:20:04 4068 [ERROR] InnoDB: Table cliente1/alunos in the InnoDB data dictionary has tablespace id 14, but tablespace with that id or name does not exist. Have you deleted or moved .ibd files? This may also be a table created with CREATE TEMPORARY TABLE whose .ibd and .frm files MySQL automatically removed, but the table still exists in the InnoDB internal data dictionary.
InnoDB: Please refer to
InnoDB: http://dev.mysql.com/doc/refman/5.6/en/innodb-troubleshooting-datadict.html
InnoDB: for how to resolve the issue.
2023-02-27 19:20:04 4068 [ERROR] InnoDB: Table escola/alunos in the InnoDB data dictionary has tablespace id 15, but tablespace with that id or name does not exist. Have you deleted or moved .ibd files? This may also be a table created with CREATE TEMPORARY TABLE whose .ibd and .frm files MySQL automatically removed, but the table still exists in the InnoDB internal data dictionary.
InnoDB: Please refer to
InnoDB: http://dev.mysql.com/doc/refman/5.6/en/innodb-troubleshooting-datadict.html
InnoDB: for how to resolve the issue.
2023-02-27 19:20:04 4068 [ERROR] InnoDB: Table escola/funcionarios in the InnoDB data dictionary has tablespace id 16, but tablespace with that id or name does not exist. Have you deleted or moved .ibd files? This may also be a table created with CREATE TEMPORARY TABLE whose .ibd and .frm files MySQL automatically removed, but the table still exists in the InnoDB internal data dictionary.
InnoDB: Please refer to
InnoDB: http://dev.mysql.com/doc/refman/5.6/en/innodb-troubleshooting-datadict.html
InnoDB: for how to resolve the issue.
2023-02-27 19:20:04 4068 [Note] InnoDB: 128 rollback segment(s) are active.
2023-02-27 19:20:04 4068 [Note] InnoDB: Waiting for purge to start
2023-02-27 19:20:04 4068 [Note] InnoDB: 5.6.13 started; log sequence number 1819315
2023-02-27 19:20:04 4068 [Note] Server hostname (bind-address): '*'; port: 3307
2023-02-27 19:20:04 4068 [Note] IPv6 is available.
2023-02-27 19:20:04 4068 [Note]   - '::' resolves to '::';
2023-02-27 19:20:04 4068 [Note] Server socket created on IP: '::'.
2023-03-20 21:16:42 14468 [Note] Plugin 'FEDERATED' is disabled.
2023-03-20 21:16:42 14468 [Note] InnoDB: The InnoDB memory heap is disabled
2023-03-20 21:16:42 14468 [Note] InnoDB: Mutexes and rw_locks use Windows interlocked functions
2023-03-20 21:16:42 14468 [Note] InnoDB: Compressed tables use zlib 1.2.3
2023-03-20 21:16:42 14468 [Note] InnoDB: Not using CPU crc32 instructions
2023-03-20 21:16:42 14468 [Note] InnoDB: Initializing buffer pool, size = 128.0M
2023-03-20 21:16:42 14468 [Note] InnoDB: Completed initialization of buffer pool
2023-03-20 21:16:42 14468 [Note] InnoDB: Highest supported file format is Barracuda.
2023-03-20 21:16:42 14468 [Note] InnoDB: The log sequence numbers 1626134 and 1626134 in ibdata files do not match the log sequence number 1826537 in the ib_logfiles!
2023-03-20 21:16:42 14468 [Note] InnoDB: Database was not shutdown normally!
2023-03-20 21:16:42 14468 [Note] InnoDB: Starting crash recovery.
2023-03-20 21:16:42 14468 [Note] InnoDB: Reading tablespace information from the .ibd files...
2023-03-20 21:16:42 14468 [Note] InnoDB: Restoring possible half-written data pages 
2023-03-20 21:16:42 14468 [Note] InnoDB: from the doublewrite buffer...
2023-03-20 21:16:42 14468 [ERROR] InnoDB: Table aula1/alunos in the InnoDB data dictionary has tablespace id 10, but tablespace with that id or name does not exist. Have you deleted or moved .ibd files? This may also be a table created with CREATE TEMPORARY TABLE whose .ibd and .frm files MySQL automatically removed, but the table still exists in the InnoDB internal data dictionary.
InnoDB: Please refer to
InnoDB: http://dev.mysql.com/doc/refman/5.6/en/innodb-troubleshooting-datadict.html
InnoDB: for how to resolve the issue.
2023-03-20 21:16:42 14468 [ERROR] InnoDB: Table cliente/fornecedor in the InnoDB data dictionary has tablespace id 8, but tablespace with that id or name does not exist. Have you deleted or moved .ibd files? This may also be a table created with CREATE TEMPORARY TABLE whose .ibd and .frm files MySQL automatically removed, but the table still exists in the InnoDB internal data dictionary.
InnoDB: Please refer to
InnoDB: http://dev.mysql.com/doc/refman/5.6/en/innodb-troubleshooting-datadict.html
InnoDB: for how to resolve the issue.
2023-03-20 21:16:42 14468 [ERROR] InnoDB: Table cliente/funcionario in the InnoDB data dictionary has tablespace id 13, but tablespace with that id or name does not exist. Have you deleted or moved .ibd files? This may also be a table created with CREATE TEMPORARY TABLE whose .ibd and .frm files MySQL automatically removed, but the table still exists in the InnoDB internal data dictionary.
InnoDB: Please refer to
InnoDB: http://dev.mysql.com/doc/refman/5.6/en/innodb-troubleshooting-datadict.html
InnoDB: for how to resolve the issue.
2023-03-20 21:16:42 14468 [ERROR] InnoDB: Table cliente/produto in the InnoDB data dictionary has tablespace id 12, but tablespace with that id or name does not exist. Have you deleted or moved .ibd files? This may also be a table created with CREATE TEMPORARY TABLE whose .ibd and .frm files MySQL automatically removed, but the table still exists in the InnoDB internal data dictionary.
InnoDB: Please refer to
InnoDB: http://dev.mysql.com/doc/refman/5.6/en/innodb-troubleshooting-datadict.html
InnoDB: for how to resolve the issue.
2023-03-20 21:16:42 14468 [ERROR] InnoDB: Table cliente/vendas in the InnoDB data dictionary has tablespace id 11, but tablespace with that id or name does not exist. Have you deleted or moved .ibd files? This may also be a table created with CREATE TEMPORARY TABLE whose .ibd and .frm files MySQL automatically removed, but the table still exists in the InnoDB internal data dictionary.
InnoDB: Please refer to
InnoDB: http://dev.mysql.com/doc/refman/5.6/en/innodb-troubleshooting-datadict.html
InnoDB: for how to resolve the issue.
2023-03-20 21:16:42 14468 [ERROR] InnoDB: Table cliente1/alunos in the InnoDB data dictionary has tablespace id 14, but tablespace with that id or name does not exist. Have you deleted or moved .ibd files? This may also be a table created with CREATE TEMPORARY TABLE whose .ibd and .frm files MySQL automatically removed, but the table still exists in the InnoDB internal data dictionary.
InnoDB: Please refer to
InnoDB: http://dev.mysql.com/doc/refman/5.6/en/innodb-troubleshooting-datadict.html
InnoDB: for how to resolve the issue.
2023-03-20 21:16:42 14468 [ERROR] InnoDB: Table escola/alunos in the InnoDB data dictionary has tablespace id 15, but tablespace with that id or name does not exist. Have you deleted or moved .ibd files? This may also be a table created with CREATE TEMPORARY TABLE whose .ibd and .frm files MySQL automatically removed, but the table still exists in the InnoDB internal data dictionary.
InnoDB: Please refer to
InnoDB: http://dev.mysql.com/doc/refman/5.6/en/innodb-troubleshooting-datadict.html
InnoDB: for how to resolve the issue.
2023-03-20 21:16:42 14468 [ERROR] InnoDB: Table escola/funcionarios in the InnoDB data dictionary has tablespace id 16, but tablespace with that id or name does not exist. Have you deleted or moved .ibd files? This may also be a table created with CREATE TEMPORARY TABLE whose .ibd and .frm files MySQL automatically removed, but the table still exists in the InnoDB internal data dictionary.
InnoDB: Please refer to
InnoDB: http://dev.mysql.com/doc/refman/5.6/en/innodb-troubleshooting-datadict.html
InnoDB: for how to resolve the issue.
2023-03-20 21:16:42 14468 [Note] InnoDB: 128 rollback segment(s) are active.
2023-03-20 21:16:42 14468 [Note] InnoDB: Waiting for purge to start
2023-03-20 21:16:42 14468 [Note] InnoDB: 5.6.13 started; log sequence number 1826537
2023-03-20 21:16:42 14468 [Note] Server hostname (bind-address): '*'; port: 3307
2023-03-20 21:16:42 14468 [Note] IPv6 is available.
2023-03-20 21:16:42 14468 [Note]   - '::' resolves to '::';
2023-03-20 21:16:42 14468 [Note] Server socket created on IP: '::'.
2023-03-27 20:48:38 6212 [Note] Plugin 'FEDERATED' is disabled.
2023-03-27 20:48:38 6212 [Note] InnoDB: The InnoDB memory heap is disabled
2023-03-27 20:48:38 6212 [Note] InnoDB: Mutexes and rw_locks use Windows interlocked functions
2023-03-27 20:48:38 6212 [Note] InnoDB: Compressed tables use zlib 1.2.3
2023-03-27 20:48:38 6212 [Note] InnoDB: Not using CPU crc32 instructions
2023-03-27 20:48:38 6212 [Note] InnoDB: Initializing buffer pool, size = 128.0M
2023-03-27 20:48:38 6212 [Note] InnoDB: Completed initialization of buffer pool
2023-03-27 20:48:38 6212 [Note] InnoDB: Highest supported file format is Barracuda.
2023-03-27 20:48:38 6212 [Note] InnoDB: The log sequence numbers 1626134 and 1626134 in ibdata files do not match the log sequence number 1854156 in the ib_logfiles!
2023-03-27 20:48:38 6212 [Note] InnoDB: Database was not shutdown normally!
2023-03-27 20:48:38 6212 [Note] InnoDB: Starting crash recovery.
2023-03-27 20:48:38 6212 [Note] InnoDB: Reading tablespace information from the .ibd files...
2023-03-27 20:48:38 6212 [Note] InnoDB: Restoring possible half-written data pages 
2023-03-27 20:48:38 6212 [Note] InnoDB: from the doublewrite buffer...
2023-03-27 20:48:38 6212 [ERROR] InnoDB: Table aula1/alunos in the InnoDB data dictionary has tablespace id 10, but tablespace with that id or name does not exist. Have you deleted or moved .ibd files? This may also be a table created with CREATE TEMPORARY TABLE whose .ibd and .frm files MySQL automatically removed, but the table still exists in the InnoDB internal data dictionary.
InnoDB: Please refer to
InnoDB: http://dev.mysql.com/doc/refman/5.6/en/innodb-troubleshooting-datadict.html
InnoDB: for how to resolve the issue.
2023-03-27 20:48:38 6212 [ERROR] InnoDB: Table cliente/fornecedor in the InnoDB data dictionary has tablespace id 8, but tablespace with that id or name does not exist. Have you deleted or moved .ibd files? This may also be a table created with CREATE TEMPORARY TABLE whose .ibd and .frm files MySQL automatically removed, but the table still exists in the InnoDB internal data dictionary.
InnoDB: Please refer to
InnoDB: http://dev.mysql.com/doc/refman/5.6/en/innodb-troubleshooting-datadict.html
InnoDB: for how to resolve the issue.
2023-03-27 20:48:38 6212 [ERROR] InnoDB: Table cliente/funcionario in the InnoDB data dictionary has tablespace id 13, but tablespace with that id or name does not exist. Have you deleted or moved .ibd files? This may also be a table created with CREATE TEMPORARY TABLE whose .ibd and .frm files MySQL automatically removed, but the table still exists in the InnoDB internal data dictionary.
InnoDB: Please refer to
InnoDB: http://dev.mysql.com/doc/refman/5.6/en/innodb-troubleshooting-datadict.html
InnoDB: for how to resolve the issue.
2023-03-27 20:48:38 6212 [ERROR] InnoDB: Table cliente/produto in the InnoDB data dictionary has tablespace id 12, but tablespace with that id or name does not exist. Have you deleted or moved .ibd files? This may also be a table created with CREATE TEMPORARY TABLE whose .ibd and .frm files MySQL automatically removed, but the table still exists in the InnoDB internal data dictionary.
InnoDB: Please refer to
InnoDB: http://dev.mysql.com/doc/refman/5.6/en/innodb-troubleshooting-datadict.html
InnoDB: for how to resolve the issue.
2023-03-27 20:48:38 6212 [ERROR] InnoDB: Table cliente/vendas in the InnoDB data dictionary has tablespace id 11, but tablespace with that id or name does not exist. Have you deleted or moved .ibd files? This may also be a table created with CREATE TEMPORARY TABLE whose .ibd and .frm files MySQL automatically removed, but the table still exists in the InnoDB internal data dictionary.
InnoDB: Please refer to
InnoDB: http://dev.mysql.com/doc/refman/5.6/en/innodb-troubleshooting-datadict.html
InnoDB: for how to resolve the issue.
2023-03-27 20:48:38 6212 [ERROR] InnoDB: Table cliente1/alunos in the InnoDB data dictionary has tablespace id 14, but tablespace with that id or name does not exist. Have you deleted or moved .ibd files? This may also be a table created with CREATE TEMPORARY TABLE whose .ibd and .frm files MySQL automatically removed, but the table still exists in the InnoDB internal data dictionary.
InnoDB: Please refer to
InnoDB: http://dev.mysql.com/doc/refman/5.6/en/innodb-troubleshooting-datadict.html
InnoDB: for how to resolve the issue.
2023-03-27 20:48:38 6212 [ERROR] InnoDB: Table escola/alunos in the InnoDB data dictionary has tablespace id 15, but tablespace with that id or name does not exist. Have you deleted or moved .ibd files? This may also be a table created with CREATE TEMPORARY TABLE whose .ibd and .frm files MySQL automatically removed, but the table still exists in the InnoDB internal data dictionary.
InnoDB: Please refer to
InnoDB: http://dev.mysql.com/doc/refman/5.6/en/innodb-troubleshooting-datadict.html
InnoDB: for how to resolve the issue.
2023-03-27 20:48:38 6212 [ERROR] InnoDB: Table escola/funcionarios in the InnoDB data dictionary has tablespace id 16, but tablespace with that id or name does not exist. Have you deleted or moved .ibd files? This may also be a table created with CREATE TEMPORARY TABLE whose .ibd and .frm files MySQL automatically removed, but the table still exists in the InnoDB internal data dictionary.
InnoDB: Please refer to
InnoDB: http://dev.mysql.com/doc/refman/5.6/en/innodb-troubleshooting-datadict.html
InnoDB: for how to resolve the issue.
2023-03-27 20:48:38 6212 [Note] InnoDB: 128 rollback segment(s) are active.
2023-03-27 20:48:38 6212 [Note] InnoDB: Waiting for purge to start
2023-03-27 20:48:38 6212 [Note] InnoDB: 5.6.13 started; log sequence number 1854156
2023-03-27 20:48:38 6212 [Note] Server hostname (bind-address): '*'; port: 3307
2023-03-27 20:48:38 6212 [Note] IPv6 is available.
2023-03-27 20:48:38 6212 [Note]   - '::' resolves to '::';
2023-03-27 20:48:38 6212 [Note] Server socket created on IP: '::'.
2023-03-27 20:55:22 9516 [Note] Plugin 'FEDERATED' is disabled.
2023-03-27 20:55:22 9516 [Note] InnoDB: The InnoDB memory heap is disabled
2023-03-27 20:55:22 9516 [Note] InnoDB: Mutexes and rw_locks use Windows interlocked functions
2023-03-27 20:55:22 9516 [Note] InnoDB: Compressed tables use zlib 1.2.3
2023-03-27 20:55:22 9516 [Note] InnoDB: Not using CPU crc32 instructions
2023-03-27 20:55:22 9516 [Note] InnoDB: Initializing buffer pool, size = 128.0M
2023-03-27 20:55:22 9516 [Note] InnoDB: Completed initialization of buffer pool
2023-03-27 20:55:22 9516 [ERROR] InnoDB: C:\Users\lab5\Downloads\usbwebserver\mysql\data\ibdata1 can't be opened in read-write mode
2023-03-27 20:55:22 9516 [ERROR] InnoDB: The system tablespace must be writable!
2023-03-27 20:55:22 9516 [ERROR] Plugin 'InnoDB' init function returned error.
2023-03-27 20:55:22 9516 [ERROR] Plugin 'InnoDB' registration as a STORAGE ENGINE failed.
2023-03-27 20:55:22 9516 [ERROR] Unknown/unsupported storage engine: InnoDB
2023-03-27 20:55:22 9516 [ERROR] Aborting

2023-03-27 20:55:22 9516 [Note] Binlog end
2023-03-27 20:55:22 9516 [Note] Shutting down plugin 'partition'
2023-03-27 20:55:22 9516 [Note] Shutting down plugin 'PERFORMANCE_SCHEMA'
2023-03-27 20:55:22 9516 [Note] Shutting down plugin 'INNODB_SYS_DATAFILES'
2023-03-27 20:55:22 9516 [Note] Shutting down plugin 'INNODB_SYS_TABLESPACES'
2023-03-27 20:55:22 9516 [Note] Shutting down plugin 'INNODB_SYS_FOREIGN_COLS'
2023-03-27 20:55:22 9516 [Note] Shutting down plugin 'INNODB_SYS_FOREIGN'
2023-03-27 20:55:22 9516 [Note] Shutting down plugin 'INNODB_SYS_FIELDS'
2023-03-27 20:55:22 9516 [Note] Shutting down plugin 'INNODB_SYS_COLUMNS'
2023-03-27 20:55:22 9516 [Note] Shutting down plugin 'INNODB_SYS_INDEXES'
2023-03-27 20:55:22 9516 [Note] Shutting down plugin 'INNODB_SYS_TABLESTATS'
2023-03-27 20:55:22 9516 [Note] Shutting down plugin 'INNODB_SYS_TABLES'
2023-03-27 20:55:22 9516 [Note] Shutting down plugin 'INNODB_FT_INDEX_TABLE'
2023-03-27 20:55:22 9516 [Note] Shutting down plugin 'INNODB_FT_INDEX_CACHE'
2023-03-27 20:55:22 9516 [Note] Shutting down plugin 'INNODB_FT_CONFIG'
2023-03-27 20:55:22 9516 [Note] Shutting down plugin 'INNODB_FT_BEING_DELETED'
2023-03-27 20:55:22 9516 [Note] Shutting down plugin 'INNODB_FT_DELETED'
2023-03-27 20:55:22 9516 [Note] Shutting down plugin 'INNODB_FT_DEFAULT_STOPWORD'
2023-03-27 20:55:22 9516 [Note] Shutting down plugin 'INNODB_METRICS'
2023-03-27 20:55:22 9516 [Note] Shutting down plugin 'INNODB_BUFFER_POOL_STATS'
2023-03-27 20:55:22 9516 [Note] Shutting down plugin 'INNODB_BUFFER_PAGE_LRU'
2023-03-27 20:55:22 9516 [Note] Shutting down plugin 'INNODB_BUFFER_PAGE'
2023-03-27 20:55:22 9516 [Note] Shutting down plugin 'INNODB_CMP_PER_INDEX_RESET'
2023-03-27 20:55:22 9516 [Note] Shutting down plugin 'INNODB_CMP_PER_INDEX'
2023-03-27 20:55:22 9516 [Note] Shutting down plugin 'INNODB_CMPMEM_RESET'
2023-03-27 20:55:22 9516 [Note] Shutting down plugin 'INNODB_CMPMEM'
2023-03-27 20:55:22 9516 [Note] Shutting down plugin 'INNODB_CMP_RESET'
2023-03-27 20:55:22 9516 [Note] Shutting down plugin 'INNODB_CMP'
2023-03-27 20:55:22 9516 [Note] Shutting down plugin 'INNODB_LOCK_WAITS'
2023-03-27 20:55:22 9516 [Note] Shutting down plugin 'INNODB_LOCKS'
2023-03-27 20:55:22 9516 [Note] Shutting down plugin 'INNODB_TRX'
2023-03-27 20:55:22 9516 [Note] Shutting down plugin 'BLACKHOLE'
2023-03-27 20:55:22 9516 [Note] Shutting down plugin 'ARCHIVE'
2023-03-27 20:55:22 9516 [Note] Shutting down plugin 'MRG_MYISAM'
2023-03-27 20:55:22 9516 [Note] Shutting down plugin 'MyISAM'
2023-03-27 20:55:22 9516 [Note] Shutting down plugin 'MEMORY'
2023-03-27 20:55:22 9516 [Note] Shutting down plugin 'CSV'
2023-03-27 20:55:22 9516 [Note] Shutting down plugin 'sha256_password'
2023-03-27 20:55:22 9516 [Note] Shutting down plugin 'mysql_old_password'
2023-03-27 20:55:22 9516 [Note] Shutting down plugin 'mysql_native_password'
2023-03-27 20:55:22 9516 [Note] Shutting down plugin 'binlog'
2023-03-27 20:55:22 9516 [Note] C:\Users\lab5\Downloads\usbwebserver/mysql/bin/mysqld_usbwv8.exe: Shutdown complete

2023-03-27 21:16:30 14968 [Note] Plugin 'FEDERATED' is disabled.
2023-03-27 21:16:30 14968 [Note] InnoDB: The InnoDB memory heap is disabled
2023-03-27 21:16:30 14968 [Note] InnoDB: Mutexes and rw_locks use Windows interlocked functions
2023-03-27 21:16:30 14968 [Note] InnoDB: Compressed tables use zlib 1.2.3
2023-03-27 21:16:30 14968 [Note] InnoDB: Not using CPU crc32 instructions
2023-03-27 21:16:30 14968 [Note] InnoDB: Initializing buffer pool, size = 128.0M
2023-03-27 21:16:30 14968 [Note] InnoDB: Completed initialization of buffer pool
2023-03-27 21:16:30 14968 [Note] InnoDB: Highest supported file format is Barracuda.
2023-03-27 21:16:30 14968 [Note] InnoDB: The log sequence numbers 1626134 and 1626134 in ibdata files do not match the log sequence number 1854166 in the ib_logfiles!
2023-03-27 21:16:30 14968 [Note] InnoDB: Database was not shutdown normally!
2023-03-27 21:16:30 14968 [Note] InnoDB: Starting crash recovery.
2023-03-27 21:16:30 14968 [Note] InnoDB: Reading tablespace information from the .ibd files...
2023-03-27 21:16:30 14968 [Note] InnoDB: Restoring possible half-written data pages 
2023-03-27 21:16:30 14968 [Note] InnoDB: from the doublewrite buffer...
2023-03-27 21:16:30 14968 [ERROR] InnoDB: Table aula1/alunos in the InnoDB data dictionary has tablespace id 10, but tablespace with that id or name does not exist. Have you deleted or moved .ibd files? This may also be a table created with CREATE TEMPORARY TABLE whose .ibd and .frm files MySQL automatically removed, but the table still exists in the InnoDB internal data dictionary.
InnoDB: Please refer to
InnoDB: http://dev.mysql.com/doc/refman/5.6/en/innodb-troubleshooting-datadict.html
InnoDB: for how to resolve the issue.
2023-03-27 21:16:30 14968 [ERROR] InnoDB: Table cliente/fornecedor in the InnoDB data dictionary has tablespace id 8, but tablespace with that id or name does not exist. Have you deleted or moved .ibd files? This may also be a table created with CREATE TEMPORARY TABLE whose .ibd and .frm files MySQL automatically removed, but the table still exists in the InnoDB internal data dictionary.
InnoDB: Please refer to
InnoDB: http://dev.mysql.com/doc/refman/5.6/en/innodb-troubleshooting-datadict.html
InnoDB: for how to resolve the issue.
2023-03-27 21:16:30 14968 [ERROR] InnoDB: Table cliente/funcionario in the InnoDB data dictionary has tablespace id 13, but tablespace with that id or name does not exist. Have you deleted or moved .ibd files? This may also be a table created with CREATE TEMPORARY TABLE whose .ibd and .frm files MySQL automatically removed, but the table still exists in the InnoDB internal data dictionary.
InnoDB: Please refer to
InnoDB: http://dev.mysql.com/doc/refman/5.6/en/innodb-troubleshooting-datadict.html
InnoDB: for how to resolve the issue.
2023-03-27 21:16:30 14968 [ERROR] InnoDB: Table cliente/produto in the InnoDB data dictionary has tablespace id 12, but tablespace with that id or name does not exist. Have you deleted or moved .ibd files? This may also be a table created with CREATE TEMPORARY TABLE whose .ibd and .frm files MySQL automatically removed, but the table still exists in the InnoDB internal data dictionary.
InnoDB: Please refer to
InnoDB: http://dev.mysql.com/doc/refman/5.6/en/innodb-troubleshooting-datadict.html
InnoDB: for how to resolve the issue.
2023-03-27 21:16:30 14968 [ERROR] InnoDB: Table cliente/vendas in the InnoDB data dictionary has tablespace id 11, but tablespace with that id or name does not exist. Have you deleted or moved .ibd files? This may also be a table created with CREATE TEMPORARY TABLE whose .ibd and .frm files MySQL automatically removed, but the table still exists in the InnoDB internal data dictionary.
InnoDB: Please refer to
InnoDB: http://dev.mysql.com/doc/refman/5.6/en/innodb-troubleshooting-datadict.html
InnoDB: for how to resolve the issue.
2023-03-27 21:16:30 14968 [ERROR] InnoDB: Table cliente1/alunos in the InnoDB data dictionary has tablespace id 14, but tablespace with that id or name does not exist. Have you deleted or moved .ibd files? This may also be a table created with CREATE TEMPORARY TABLE whose .ibd and .frm files MySQL automatically removed, but the table still exists in the InnoDB internal data dictionary.
InnoDB: Please refer to
InnoDB: http://dev.mysql.com/doc/refman/5.6/en/innodb-troubleshooting-datadict.html
InnoDB: for how to resolve the issue.
2023-03-27 21:16:30 14968 [ERROR] InnoDB: Table escola/alunos in the InnoDB data dictionary has tablespace id 15, but tablespace with that id or name does not exist. Have you deleted or moved .ibd files? This may also be a table created with CREATE TEMPORARY TABLE whose .ibd and .frm files MySQL automatically removed, but the table still exists in the InnoDB internal data dictionary.
InnoDB: Please refer to
InnoDB: http://dev.mysql.com/doc/refman/5.6/en/innodb-troubleshooting-datadict.html
InnoDB: for how to resolve the issue.
2023-03-27 21:16:30 14968 [ERROR] InnoDB: Table escola/funcionarios in the InnoDB data dictionary has tablespace id 16, but tablespace with that id or name does not exist. Have you deleted or moved .ibd files? This may also be a table created with CREATE TEMPORARY TABLE whose .ibd and .frm files MySQL automatically removed, but the table still exists in the InnoDB internal data dictionary.
InnoDB: Please refer to
InnoDB: http://dev.mysql.com/doc/refman/5.6/en/innodb-troubleshooting-datadict.html
InnoDB: for how to resolve the issue.
2023-03-27 21:16:30 14968 [Note] InnoDB: 128 rollback segment(s) are active.
2023-03-27 21:16:30 14968 [Note] InnoDB: Waiting for purge to start
2023-03-27 21:16:30 14968 [Note] InnoDB: 5.6.13 started; log sequence number 1854166
2023-03-27 21:16:30 14968 [Note] Server hostname (bind-address): '*'; port: 3307
2023-03-27 21:16:30 14968 [Note] IPv6 is available.
2023-03-27 21:16:30 14968 [Note]   - '::' resolves to '::';
2023-03-27 21:16:30 14968 [Note] Server socket created on IP: '::'.
2023-03-27 21:30:28 13576 [Note] Plugin 'FEDERATED' is disabled.
2023-03-27 21:30:28 13576 [Note] InnoDB: The InnoDB memory heap is disabled
2023-03-27 21:30:28 13576 [Note] InnoDB: Mutexes and rw_locks use Windows interlocked functions
2023-03-27 21:30:28 13576 [Note] InnoDB: Compressed tables use zlib 1.2.3
2023-03-27 21:30:28 13576 [Note] InnoDB: Not using CPU crc32 instructions
2023-03-27 21:30:28 13576 [Note] InnoDB: Initializing buffer pool, size = 128.0M
2023-03-27 21:30:28 13576 [Note] InnoDB: Completed initialization of buffer pool
2023-03-27 21:30:28 13576 [Note] InnoDB: Highest supported file format is Barracuda.
2023-03-27 21:30:28 13576 [Note] InnoDB: The log sequence numbers 1626134 and 1626134 in ibdata files do not match the log sequence number 1861667 in the ib_logfiles!
2023-03-27 21:30:28 13576 [Note] InnoDB: Database was not shutdown normally!
2023-03-27 21:30:28 13576 [Note] InnoDB: Starting crash recovery.
2023-03-27 21:30:28 13576 [Note] InnoDB: Reading tablespace information from the .ibd files...
2023-03-27 21:30:28 13576 [Note] InnoDB: Restoring possible half-written data pages 
2023-03-27 21:30:28 13576 [Note] InnoDB: from the doublewrite buffer...
2023-03-27 21:30:28 13576 [ERROR] InnoDB: Table aula1/alunos in the InnoDB data dictionary has tablespace id 10, but tablespace with that id or name does not exist. Have you deleted or moved .ibd files? This may also be a table created with CREATE TEMPORARY TABLE whose .ibd and .frm files MySQL automatically removed, but the table still exists in the InnoDB internal data dictionary.
InnoDB: Please refer to
InnoDB: http://dev.mysql.com/doc/refman/5.6/en/innodb-troubleshooting-datadict.html
InnoDB: for how to resolve the issue.
2023-03-27 21:30:28 13576 [ERROR] InnoDB: Table cliente/fornecedor in the InnoDB data dictionary has tablespace id 8, but tablespace with that id or name does not exist. Have you deleted or moved .ibd files? This may also be a table created with CREATE TEMPORARY TABLE whose .ibd and .frm files MySQL automatically removed, but the table still exists in the InnoDB internal data dictionary.
InnoDB: Please refer to
InnoDB: http://dev.mysql.com/doc/refman/5.6/en/innodb-troubleshooting-datadict.html
InnoDB: for how to resolve the issue.
2023-03-27 21:30:28 13576 [ERROR] InnoDB: Table cliente/funcionario in the InnoDB data dictionary has tablespace id 13, but tablespace with that id or name does not exist. Have you deleted or moved .ibd files? This may also be a table created with CREATE TEMPORARY TABLE whose .ibd and .frm files MySQL automatically removed, but the table still exists in the InnoDB internal data dictionary.
InnoDB: Please refer to
InnoDB: http://dev.mysql.com/doc/refman/5.6/en/innodb-troubleshooting-datadict.html
InnoDB: for how to resolve the issue.
2023-03-27 21:30:28 13576 [ERROR] InnoDB: Table cliente/produto in the InnoDB data dictionary has tablespace id 12, but tablespace with that id or name does not exist. Have you deleted or moved .ibd files? This may also be a table created with CREATE TEMPORARY TABLE whose .ibd and .frm files MySQL automatically removed, but the table still exists in the InnoDB internal data dictionary.
InnoDB: Please refer to
InnoDB: http://dev.mysql.com/doc/refman/5.6/en/innodb-troubleshooting-datadict.html
InnoDB: for how to resolve the issue.
2023-03-27 21:30:28 13576 [ERROR] InnoDB: Table cliente/vendas in the InnoDB data dictionary has tablespace id 11, but tablespace with that id or name does not exist. Have you deleted or moved .ibd files? This may also be a table created with CREATE TEMPORARY TABLE whose .ibd and .frm files MySQL automatically removed, but the table still exists in the InnoDB internal data dictionary.
InnoDB: Please refer to
InnoDB: http://dev.mysql.com/doc/refman/5.6/en/innodb-troubleshooting-datadict.html
InnoDB: for how to resolve the issue.
2023-03-27 21:30:28 13576 [ERROR] InnoDB: Table cliente1/alunos in the InnoDB data dictionary has tablespace id 14, but tablespace with that id or name does not exist. Have you deleted or moved .ibd files? This may also be a table created with CREATE TEMPORARY TABLE whose .ibd and .frm files MySQL automatically removed, but the table still exists in the InnoDB internal data dictionary.
InnoDB: Please refer to
InnoDB: http://dev.mysql.com/doc/refman/5.6/en/innodb-troubleshooting-datadict.html
InnoDB: for how to resolve the issue.
2023-03-27 21:30:28 13576 [ERROR] InnoDB: Table escola/alunos in the InnoDB data dictionary has tablespace id 15, but tablespace with that id or name does not exist. Have you deleted or moved .ibd files? This may also be a table created with CREATE TEMPORARY TABLE whose .ibd and .frm files MySQL automatically removed, but the table still exists in the InnoDB internal data dictionary.
InnoDB: Please refer to
InnoDB: http://dev.mysql.com/doc/refman/5.6/en/innodb-troubleshooting-datadict.html
InnoDB: for how to resolve the issue.
2023-03-27 21:30:28 13576 [ERROR] InnoDB: Table escola/funcionarios in the InnoDB data dictionary has tablespace id 16, but tablespace with that id or name does not exist. Have you deleted or moved .ibd files? This may also be a table created with CREATE TEMPORARY TABLE whose .ibd and .frm files MySQL automatically removed, but the table still exists in the InnoDB internal data dictionary.
InnoDB: Please refer to
InnoDB: http://dev.mysql.com/doc/refman/5.6/en/innodb-troubleshooting-datadict.html
InnoDB: for how to resolve the issue.
2023-03-27 21:30:28 13576 [Note] InnoDB: 128 rollback segment(s) are active.
2023-03-27 21:30:28 13576 [Note] InnoDB: Waiting for purge to start
2023-03-27 21:30:28 13576 [Note] InnoDB: 5.6.13 started; log sequence number 1861667
2023-03-27 21:30:28 13576 [Note] Server hostname (bind-address): '*'; port: 3307
2023-03-27 21:30:28 13576 [Note] IPv6 is available.
2023-03-27 21:30:28 13576 [Note]   - '::' resolves to '::';
2023-03-27 21:30:28 13576 [Note] Server socket created on IP: '::'.
